2023/07/28 14:59:59 [notice] 1#0: using the "select" event method
2023/07/28 14:59:59 [notice] 1#0: nginx/1.15.6
2023/07/28 14:59:59 [notice] 1#0: built by gcc 10.3.0 (Ubuntu 10.3.0-1ubuntu1~18.04~1) 
2023/07/28 14:59:59 [notice] 1#0: OS: Unikraft 5-Enceladus
2023/07/28 14:59:59 [notice] 1#0: getrlimit(RLIMIT_NOFILE): 1024:1024
2023/07/28 15:00:16 [info] 1#0: *1 client 172.44.0.1 closed keepalive connection (128: Unknown error)
2023/07/28 15:00:37 [info] 1#0: *2 client 172.44.0.1 closed keepalive connection (128: Unknown error)
2023/07/28 15:08:13 [notice] 1#0: using the "select" event method
2023/07/28 15:08:13 [notice] 1#0: nginx/1.15.6
2023/07/28 15:08:13 [notice] 1#0: built by gcc 10.3.0 (Ubuntu 10.3.0-1ubuntu1~18.04~1) 
2023/07/28 15:08:13 [notice] 1#0: OS: Unikraft 5-Enceladus
2023/07/28 15:08:13 [notice] 1#0: getrlimit(RLIMIT_NOFILE): 1024:1024
2023/07/28 15:08:48 [info] 1#0: *1 client 172.44.0.1 closed keepalive connection (128: Unknown error)
2023/07/28 15:09:09 [info] 1#0: *2 client 172.44.0.1 closed keepalive connection (128: Unknown error)
2023/07/28 15:11:07 [notice] 1#0: using the "select" event method
2023/07/28 15:11:07 [notice] 1#0: nginx/1.15.6
2023/07/28 15:11:07 [notice] 1#0: built by gcc 10.3.0 (Ubuntu 10.3.0-1ubuntu1~18.04~1) 
2023/07/28 15:11:07 [notice] 1#0: OS: Unikraft 5-Enceladus
2023/07/28 15:11:07 [notice] 1#0: getrlimit(RLIMIT_NOFILE): 1024:1024
2023/07/28 15:11:25 [info] 1#0: *1 client 172.44.0.1 closed keepalive connection (128: Unknown error)
2023/07/28 15:11:40 [info] 1#0: *2 client 172.44.0.1 closed keepalive connection (128: Unknown error)
2023/07/28 15:11:58 [info] 1#0: *3 client 172.44.0.1 closed keepalive connection (128: Unknown error)
2023/07/28 15:12:16 [info] 1#0: *4 client 172.44.0.1 closed keepalive connection (128: Unknown error)
2023/07/28 15:12:29 [info] 1#0: *5 client 172.44.0.1 closed keepalive connection (128: Unknown error)
2023/07/28 15:13:36 [notice] 1#0: using the "select" event method
2023/07/28 15:13:36 [notice] 1#0: nginx/1.15.6
2023/07/28 15:13:36 [notice] 1#0: built by gcc 10.3.0 (Ubuntu 10.3.0-1ubuntu1~18.04~1) 
2023/07/28 15:13:36 [notice] 1#0: OS: Unikraft 5-Enceladus
2023/07/28 15:13:36 [notice] 1#0: getrlimit(RLIMIT_NOFILE): 1024:1024
2023/07/28 15:14:01 [info] 1#0: *1 client 172.44.0.1 closed keepalive connection (128: Unknown error)
2023/07/28 15:17:13 [notice] 1#0: using the "select" event method
2023/07/28 15:17:13 [notice] 1#0: nginx/1.15.6
2023/07/28 15:17:13 [notice] 1#0: built by gcc 10.3.0 (Ubuntu 10.3.0-1ubuntu1~18.04~1) 
2023/07/28 15:17:13 [notice] 1#0: OS: Unikraft 5-Enceladus
2023/07/28 15:17:13 [notice] 1#0: getrlimit(RLIMIT_NOFILE): 1024:1024
2023/07/28 15:24:10 [notice] 1#0: using the "select" event method
2023/07/28 15:24:10 [notice] 1#0: nginx/1.15.6
2023/07/28 15:24:10 [notice] 1#0: built by gcc 10.3.0 (Ubuntu 10.3.0-1ubuntu1~18.04~1) 
2023/07/28 15:24:10 [notice] 1#0: OS: Unikraft 5-Enceladus
2023/07/28 15:24:10 [notice] 1#0: getrlimit(RLIMIT_NOFILE): 1024:1024
2023/07/28 22:55:01 [notice] 1#0: using the "select" event method
2023/07/28 22:55:01 [notice] 1#0: nginx/1.15.6
2023/07/28 22:55:01 [notice] 1#0: built by gcc 10.3.0 (Ubuntu 10.3.0-1ubuntu1~18.04~1) 
2023/07/28 22:55:01 [notice] 1#0: OS: Unikraft 5-Enceladus
2023/07/28 22:55:01 [notice] 1#0: getrlimit(RLIMIT_NOFILE): 1024:1024
2023/07/28 22:55:07 [info] 1#0: *1 client 172.44.0.1 closed keepalive connection (128: Unknown error)
2023/07/31 14:25:22 [notice] 1#0: using the "select" event method
2023/07/31 14:25:22 [notice] 1#0: nginx/1.15.6
2023/07/31 14:25:22 [notice] 1#0: built by gcc 10.3.0 (Ubuntu 10.3.0-1ubuntu1~18.04~1) 
2023/07/31 14:25:22 [notice] 1#0: OS: Unikraft 5-Enceladus
2023/07/31 14:25:22 [notice] 1#0: getrlimit(RLIMIT_NOFILE): 1024:1024
2023/08/05 01:24:27 [notice] 1#0: using the "select" event method
2023/08/05 01:24:27 [notice] 1#0: nginx/1.15.6
2023/08/05 01:24:27 [notice] 1#0: built by gcc 10.3.0 (Ubuntu 10.3.0-1ubuntu1~18.04~1) 
2023/08/05 01:24:27 [notice] 1#0: OS: Unikraft 5-Enceladus
2023/08/05 01:24:27 [notice] 1#0: getrlimit(RLIMIT_NOFILE): 1024:1024
2023/08/05 01:25:11 [notice] 1#0: using the "select" event method
2023/08/05 01:25:11 [notice] 1#0: nginx/1.15.6
2023/08/05 01:25:11 [notice] 1#0: built by gcc 10.3.0 (Ubuntu 10.3.0-1ubuntu1~18.04~1) 
2023/08/05 01:25:11 [notice] 1#0: OS: Unikraft 5-Enceladus
2023/08/05 01:25:11 [notice] 1#0: getrlimit(RLIMIT_NOFILE): 1024:1024
2023/08/05 01:29:45 [notice] 1#0: using the "select" event method
2023/08/05 01:29:45 [notice] 1#0: nginx/1.15.6
2023/08/05 01:29:45 [notice] 1#0: built by gcc 10.3.0 (Ubuntu 10.3.0-1ubuntu1~18.04~1) 
2023/08/05 01:29:45 [notice] 1#0: OS: Unikraft 5-Enceladus
2023/08/05 01:29:45 [notice] 1#0: getrlimit(RLIMIT_NOFILE): 1024:1024
2023/08/05 01:30:52 [notice] 1#0: using the "select" event method
2023/08/05 01:30:52 [notice] 1#0: nginx/1.15.6
2023/08/05 01:30:52 [notice] 1#0: built by gcc 10.3.0 (Ubuntu 10.3.0-1ubuntu1~18.04~1) 
2023/08/05 01:30:52 [notice] 1#0: OS: Unikraft 5-Enceladus
2023/08/05 01:30:52 [notice] 1#0: getrlimit(RLIMIT_NOFILE): 1024:1024
2023/08/05 01:32:36 [notice] 1#0: using the "select" event method
2023/08/05 01:32:36 [notice] 1#0: nginx/1.15.6
2023/08/05 01:32:36 [notice] 1#0: built by gcc 10.3.0 (Ubuntu 10.3.0-1ubuntu1~18.04~1) 
2023/08/05 01:32:36 [notice] 1#0: OS: Unikraft 5-Enceladus
2023/08/05 01:32:36 [notice] 1#0: getrlimit(RLIMIT_NOFILE): 1024:1024
2023/08/05 01:47:10 [notice] 1#0: using the "select" event method
2023/08/05 01:47:10 [notice] 1#0: nginx/1.15.6
2023/08/05 01:47:10 [notice] 1#0: built by gcc 10.3.0 (Ubuntu 10.3.0-1ubuntu1~18.04~1) 
2023/08/05 01:47:10 [notice] 1#0: OS: Unikraft 5-Enceladus
2023/08/05 01:47:10 [notice] 1#0: getrlimit(RLIMIT_NOFILE): 1024:1024
2023/08/05 01:47:48 [info] 1#0: *8210 client closed connection while waiting for request, client: 172.44.0.1, server: 0.0.0.0:80
2023/08/05 01:49:16 [notice] 1#0: using the "select" event method
2023/08/05 01:49:16 [notice] 1#0: nginx/1.15.6
2023/08/05 01:49:16 [notice] 1#0: built by gcc 10.3.0 (Ubuntu 10.3.0-1ubuntu1~18.04~1) 
2023/08/05 01:49:16 [notice] 1#0: OS: Unikraft 5-Enceladus
2023/08/05 01:49:16 [notice] 1#0: getrlimit(RLIMIT_NOFILE): 1024:1024
2023/08/05 01:49:39 [notice] 1#0: using the "select" event method
2023/08/05 01:49:39 [notice] 1#0: nginx/1.15.6
2023/08/05 01:49:39 [notice] 1#0: built by gcc 10.3.0 (Ubuntu 10.3.0-1ubuntu1~18.04~1) 
2023/08/05 01:49:39 [notice] 1#0: OS: Unikraft 5-Enceladus
2023/08/05 01:49:39 [notice] 1#0: getrlimit(RLIMIT_NOFILE): 1024:1024
2023/08/05 16:02:53 [notice] 1#0: using the "select" event method
2023/08/05 16:02:53 [notice] 1#0: nginx/1.15.6
2023/08/05 16:02:53 [notice] 1#0: built by gcc 10.3.0 (Ubuntu 10.3.0-1ubuntu1~18.04~1) 
2023/08/05 16:02:53 [notice] 1#0: OS: Unikraft 5-Enceladus
2023/08/05 16:02:53 [notice] 1#0: getrlimit(RLIMIT_NOFILE): 1024:1024
2023/08/05 16:39:35 [notice] 1#0: using the "select" event method
2023/08/05 16:39:35 [notice] 1#0: nginx/1.15.6
2023/08/05 16:39:35 [notice] 1#0: built by gcc 10.3.0 (Ubuntu 10.3.0-1ubuntu1~18.04~1) 
2023/08/05 16:39:35 [notice] 1#0: OS: Unikraft 5-Enceladus
2023/08/05 16:39:35 [notice] 1#0: getrlimit(RLIMIT_NOFILE): 1024:1024
2023/08/05 16:51:12 [notice] 1#0: using the "select" event method
2023/08/05 16:51:12 [notice] 1#0: nginx/1.15.6
2023/08/05 16:51:12 [notice] 1#0: built by gcc 10.3.0 (Ubuntu 10.3.0-1ubuntu1~18.04~1) 
2023/08/05 16:51:12 [notice] 1#0: OS: Unikraft 5-Enceladus
2023/08/05 16:51:12 [notice] 1#0: getrlimit(RLIMIT_NOFILE): 1024:1024
2023/08/05 16:53:16 [notice] 1#0: using the "select" event method
2023/08/05 16:53:16 [notice] 1#0: nginx/1.15.6
2023/08/05 16:53:16 [notice] 1#0: built by gcc 10.3.0 (Ubuntu 10.3.0-1ubuntu1~18.04~1) 
2023/08/05 16:53:16 [notice] 1#0: OS: Unikraft 5-Enceladus
2023/08/05 16:53:16 [notice] 1#0: getrlimit(RLIMIT_NOFILE): 1024:1024
2023/08/05 16:54:44 [notice] 1#0: using the "select" event method
2023/08/05 16:54:44 [notice] 1#0: nginx/1.15.6
2023/08/05 16:54:44 [notice] 1#0: built by gcc 10.3.0 (Ubuntu 10.3.0-1ubuntu1~18.04~1) 
2023/08/05 16:54:44 [notice] 1#0: OS: Unikraft 5-Enceladus
2023/08/05 16:54:44 [notice] 1#0: getrlimit(RLIMIT_NOFILE): 1024:1024
2023/08/05 16:56:27 [notice] 1#0: using the "select" event method
2023/08/05 16:56:27 [notice] 1#0: nginx/1.15.6
2023/08/05 16:56:27 [notice] 1#0: built by gcc 10.3.0 (Ubuntu 10.3.0-1ubuntu1~18.04~1) 
2023/08/05 16:56:27 [notice] 1#0: OS: Unikraft 5-Enceladus
2023/08/05 16:56:27 [notice] 1#0: getrlimit(RLIMIT_NOFILE): 1024:1024
2023/08/05 16:57:00 [notice] 1#0: using the "select" event method
2023/08/05 16:57:00 [notice] 1#0: nginx/1.15.6
2023/08/05 16:57:00 [notice] 1#0: built by gcc 10.3.0 (Ubuntu 10.3.0-1ubuntu1~18.04~1) 
2023/08/05 16:57:00 [notice] 1#0: OS: Unikraft 5-Enceladus
2023/08/05 16:57:00 [notice] 1#0: getrlimit(RLIMIT_NOFILE): 1024:1024
2023/08/05 16:57:31 [notice] 1#0: using the "select" event method
2023/08/05 16:57:31 [notice] 1#0: nginx/1.15.6
2023/08/05 16:57:31 [notice] 1#0: built by gcc 10.3.0 (Ubuntu 10.3.0-1ubuntu1~18.04~1) 
2023/08/05 16:57:31 [notice] 1#0: OS: Unikraft 5-Enceladus
2023/08/05 16:57:31 [notice] 1#0: getrlimit(RLIMIT_NOFILE): 1024:1024
2023/08/05 16:58:40 [notice] 1#0: using the "select" event method
2023/08/05 16:58:40 [notice] 1#0: nginx/1.15.6
2023/08/05 16:58:40 [notice] 1#0: built by gcc 10.3.0 (Ubuntu 10.3.0-1ubuntu1~18.04~1) 
2023/08/05 16:58:40 [notice] 1#0: OS: Unikraft 5-Enceladus
2023/08/05 16:58:40 [notice] 1#0: getrlimit(RLIMIT_NOFILE): 1024:1024
2023/08/05 16:59:00 [notice] 1#0: using the "select" event method
2023/08/05 16:59:00 [notice] 1#0: nginx/1.15.6
2023/08/05 16:59:00 [notice] 1#0: built by gcc 10.3.0 (Ubuntu 10.3.0-1ubuntu1~18.04~1) 
2023/08/05 16:59:00 [notice] 1#0: OS: Unikraft 5-Enceladus
2023/08/05 16:59:00 [notice] 1#0: getrlimit(RLIMIT_NOFILE): 1024:1024
2023/08/05 17:00:07 [notice] 1#0: using the "select" event method
2023/08/05 17:00:07 [notice] 1#0: nginx/1.15.6
2023/08/05 17:00:07 [notice] 1#0: built by gcc 10.3.0 (Ubuntu 10.3.0-1ubuntu1~18.04~1) 
2023/08/05 17:00:07 [notice] 1#0: OS: Unikraft 5-Enceladus
2023/08/05 17:00:07 [notice] 1#0: getrlimit(RLIMIT_NOFILE): 1024:1024
2023/08/05 17:23:01 [notice] 1#0: using the "select" event method
2023/08/05 17:23:01 [notice] 1#0: nginx/1.15.6
2023/08/05 17:23:01 [notice] 1#0: built by gcc 10.3.0 (Ubuntu 10.3.0-1ubuntu1~18.04~1) 
2023/08/05 17:23:01 [notice] 1#0: OS: Unikraft 5-Enceladus
2023/08/05 17:23:01 [notice] 1#0: getrlimit(RLIMIT_NOFILE): 1024:1024
2023/08/05 17:24:01 [notice] 1#0: using the "select" event method
2023/08/05 17:24:01 [notice] 1#0: nginx/1.15.6
2023/08/05 17:24:01 [notice] 1#0: built by gcc 10.3.0 (Ubuntu 10.3.0-1ubuntu1~18.04~1) 
2023/08/05 17:24:01 [notice] 1#0: OS: Unikraft 5-Enceladus
2023/08/05 17:24:01 [notice] 1#0: getrlimit(RLIMIT_NOFILE): 1024:1024
2023/08/05 17:28:59 [notice] 1#0: using the "select" event method
2023/08/05 17:28:59 [notice] 1#0: nginx/1.15.6
2023/08/05 17:28:59 [notice] 1#0: built by gcc 10.3.0 (Ubuntu 10.3.0-1ubuntu1~18.04~1) 
2023/08/05 17:28:59 [notice] 1#0: OS: Unikraft 5-Enceladus
2023/08/05 17:28:59 [notice] 1#0: getrlimit(RLIMIT_NOFILE): 1024:1024
2023/08/05 17:29:23 [info] 1#0: *715 client closed connection while waiting for request, client: 172.44.0.1, server: 0.0.0.0:80
2023/08/05 17:33:42 [notice] 1#0: using the "select" event method
2023/08/05 17:33:42 [notice] 1#0: nginx/1.15.6
2023/08/05 17:33:42 [notice] 1#0: built by gcc 10.3.0 (Ubuntu 10.3.0-1ubuntu1~18.04~1) 
2023/08/05 17:33:42 [notice] 1#0: OS: Unikraft 5-Enceladus
2023/08/05 17:33:42 [notice] 1#0: getrlimit(RLIMIT_NOFILE): 1024:1024
2023/08/06 05:01:48 [notice] 1#0: using the "select" event method
2023/08/06 05:01:48 [notice] 1#0: nginx/1.15.6
2023/08/06 05:01:48 [notice] 1#0: built by gcc 10.3.0 (Ubuntu 10.3.0-1ubuntu1~18.04~1) 
2023/08/06 05:01:48 [notice] 1#0: OS: Unikraft 5-Enceladus
2023/08/06 05:01:48 [notice] 1#0: getrlimit(RLIMIT_NOFILE): 1024:1024
2023/08/06 05:03:14 [notice] 1#0: using the "select" event method
2023/08/06 05:03:14 [notice] 1#0: nginx/1.15.6
2023/08/06 05:03:14 [notice] 1#0: built by gcc 10.3.0 (Ubuntu 10.3.0-1ubuntu1~18.04~1) 
2023/08/06 05:03:14 [notice] 1#0: OS: Unikraft 5-Enceladus
2023/08/06 05:03:14 [notice] 1#0: getrlimit(RLIMIT_NOFILE): 1024:1024
2023/08/06 05:04:42 [notice] 1#0: using the "select" event method
2023/08/06 05:04:42 [notice] 1#0: nginx/1.15.6
2023/08/06 05:04:42 [notice] 1#0: built by gcc 10.3.0 (Ubuntu 10.3.0-1ubuntu1~18.04~1) 
2023/08/06 05:04:42 [notice] 1#0: OS: Unikraft 5-Enceladus
2023/08/06 05:04:42 [notice] 1#0: getrlimit(RLIMIT_NOFILE): 1024:1024
2023/08/06 05:04:50 [info] 1#0: *1 client 172.44.0.1 closed keepalive connection (128: Unknown error)
2023/08/06 05:05:10 [info] 1#0: *2 client 172.44.0.1 closed keepalive connection (128: Unknown error)
2023/08/06 05:05:38 [notice] 1#0: using the "select" event method
2023/08/06 05:05:38 [notice] 1#0: nginx/1.15.6
2023/08/06 05:05:38 [notice] 1#0: built by gcc 10.3.0 (Ubuntu 10.3.0-1ubuntu1~18.04~1) 
2023/08/06 05:05:38 [notice] 1#0: OS: Unikraft 5-Enceladus
2023/08/06 05:05:38 [notice] 1#0: getrlimit(RLIMIT_NOFILE): 1024:1024
2023/08/06 05:16:42 [notice] 1#0: using the "select" event method
2023/08/06 05:16:42 [notice] 1#0: nginx/1.15.6
2023/08/06 05:16:42 [notice] 1#0: built by gcc 10.3.0 (Ubuntu 10.3.0-1ubuntu1~18.04~1) 
2023/08/06 05:16:42 [notice] 1#0: OS: Unikraft 5-Enceladus
2023/08/06 05:16:42 [notice] 1#0: getrlimit(RLIMIT_NOFILE): 1024:1024
2023/08/06 05:22:57 [notice] 1#0: using the "select" event method
2023/08/06 05:22:57 [notice] 1#0: nginx/1.15.6
2023/08/06 05:22:57 [notice] 1#0: built by gcc 10.3.0 (Ubuntu 10.3.0-1ubuntu1~18.04~1) 
2023/08/06 05:22:57 [notice] 1#0: OS: Unikraft 5-Enceladus
2023/08/06 05:22:57 [notice] 1#0: getrlimit(RLIMIT_NOFILE): 1024:1024
2023/08/06 05:23:40 [notice] 1#0: using the "select" event method
2023/08/06 05:23:40 [notice] 1#0: nginx/1.15.6
2023/08/06 05:23:40 [notice] 1#0: built by gcc 10.3.0 (Ubuntu 10.3.0-1ubuntu1~18.04~1) 
2023/08/06 05:23:40 [notice] 1#0: OS: Unikraft 5-Enceladus
2023/08/06 05:23:40 [notice] 1#0: getrlimit(RLIMIT_NOFILE): 1024:1024
2023/08/06 05:26:27 [notice] 1#0: using the "select" event method
2023/08/06 05:26:27 [notice] 1#0: nginx/1.15.6
2023/08/06 05:26:27 [notice] 1#0: built by gcc 10.3.0 (Ubuntu 10.3.0-1ubuntu1~18.04~1) 
2023/08/06 05:26:27 [notice] 1#0: OS: Unikraft 5-Enceladus
2023/08/06 05:26:27 [notice] 1#0: getrlimit(RLIMIT_NOFILE): 1024:1024
2023/08/06 06:29:32 [notice] 1#0: using the "select" event method
2023/08/06 06:29:32 [notice] 1#0: nginx/1.15.6
2023/08/06 06:29:32 [notice] 1#0: built by gcc 10.3.0 (Ubuntu 10.3.0-1ubuntu1~18.04~1) 
2023/08/06 06:29:32 [notice] 1#0: OS: Unikraft 5-Enceladus
2023/08/06 06:29:32 [notice] 1#0: getrlimit(RLIMIT_NOFILE): 1024:1024
2023/08/06 06:40:52 [notice] 1#0: using the "select" event method
2023/08/06 06:40:52 [notice] 1#0: nginx/1.15.6
2023/08/06 06:40:52 [notice] 1#0: built by gcc 10.3.0 (Ubuntu 10.3.0-1ubuntu1~18.04~1) 
2023/08/06 06:40:52 [notice] 1#0: OS: Unikraft 5-Enceladus
2023/08/06 06:40:52 [notice] 1#0: getrlimit(RLIMIT_NOFILE): 1024:1024
2023/08/06 06:49:15 [notice] 1#0: using the "select" event method
2023/08/06 06:49:15 [notice] 1#0: nginx/1.15.6
2023/08/06 06:49:15 [notice] 1#0: built by gcc 10.3.0 (Ubuntu 10.3.0-1ubuntu1~18.04~1) 
2023/08/06 06:49:15 [notice] 1#0: OS: Unikraft 5-Enceladus
2023/08/06 06:49:15 [notice] 1#0: getrlimit(RLIMIT_NOFILE): 1024:1024
2023/08/06 06:57:42 [notice] 1#0: using the "select" event method
2023/08/06 06:57:42 [notice] 1#0: nginx/1.15.6
2023/08/06 06:57:42 [notice] 1#0: built by gcc 10.3.0 (Ubuntu 10.3.0-1ubuntu1~18.04~1) 
2023/08/06 06:57:42 [notice] 1#0: OS: Unikraft 5-Enceladus
2023/08/06 06:57:42 [notice] 1#0: getrlimit(RLIMIT_NOFILE): 1024:1024
2023/08/06 07:00:22 [notice] 1#0: using the "select" event method
2023/08/06 07:00:22 [notice] 1#0: nginx/1.15.6
2023/08/06 07:00:22 [notice] 1#0: built by gcc 10.3.0 (Ubuntu 10.3.0-1ubuntu1~18.04~1) 
2023/08/06 07:00:22 [notice] 1#0: OS: Unikraft 5-Enceladus
2023/08/06 07:00:22 [notice] 1#0: getrlimit(RLIMIT_NOFILE): 1024:1024
2023/08/06 07:01:44 [notice] 1#0: using the "select" event method
2023/08/06 07:01:44 [notice] 1#0: nginx/1.15.6
2023/08/06 07:01:44 [notice] 1#0: built by gcc 10.3.0 (Ubuntu 10.3.0-1ubuntu1~18.04~1) 
2023/08/06 07:01:44 [notice] 1#0: OS: Unikraft 5-Enceladus
2023/08/06 07:01:44 [notice] 1#0: getrlimit(RLIMIT_NOFILE): 1024:1024
2023/08/06 07:20:00 [notice] 1#0: using the "select" event method
2023/08/06 07:20:00 [notice] 1#0: nginx/1.15.6
2023/08/06 07:20:00 [notice] 1#0: built by gcc 10.3.0 (Ubuntu 10.3.0-1ubuntu1~18.04~1) 
2023/08/06 07:20:00 [notice] 1#0: OS: Unikraft 5-Enceladus
2023/08/06 07:20:00 [notice] 1#0: getrlimit(RLIMIT_NOFILE): 1024:1024
2023/08/06 07:20:43 [notice] 1#0: using the "select" event method
2023/08/06 07:20:43 [notice] 1#0: nginx/1.15.6
2023/08/06 07:20:43 [notice] 1#0: built by gcc 10.3.0 (Ubuntu 10.3.0-1ubuntu1~18.04~1) 
2023/08/06 07:20:43 [notice] 1#0: OS: Unikraft 5-Enceladus
2023/08/06 07:20:43 [notice] 1#0: getrlimit(RLIMIT_NOFILE): 1024:1024
2023/08/06 07:21:27 [notice] 1#0: using the "select" event method
2023/08/06 07:21:27 [notice] 1#0: nginx/1.15.6
2023/08/06 07:21:27 [notice] 1#0: built by gcc 10.3.0 (Ubuntu 10.3.0-1ubuntu1~18.04~1) 
2023/08/06 07:21:27 [notice] 1#0: OS: Unikraft 5-Enceladus
2023/08/06 07:21:27 [notice] 1#0: getrlimit(RLIMIT_NOFILE): 1024:1024
2023/08/06 08:08:03 [notice] 1#0: using the "select" event method
2023/08/06 08:08:03 [notice] 1#0: nginx/1.15.6
2023/08/06 08:08:03 [notice] 1#0: built by gcc 10.3.0 (Ubuntu 10.3.0-1ubuntu1~18.04~1) 
2023/08/06 08:08:03 [notice] 1#0: OS: Unikraft 5-Enceladus
2023/08/06 08:08:03 [notice] 1#0: getrlimit(RLIMIT_NOFILE): 1024:1024
2023/08/06 08:18:16 [notice] 1#0: using the "select" event method
2023/08/06 08:18:16 [notice] 1#0: nginx/1.15.6
2023/08/06 08:18:16 [notice] 1#0: built by gcc 10.3.0 (Ubuntu 10.3.0-1ubuntu1~18.04~1) 
2023/08/06 08:18:16 [notice] 1#0: OS: Unikraft 5-Enceladus
2023/08/06 08:18:16 [notice] 1#0: getrlimit(RLIMIT_NOFILE): 1024:1024
2023/08/06 08:19:36 [notice] 1#0: using the "select" event method
2023/08/06 08:19:36 [notice] 1#0: nginx/1.15.6
2023/08/06 08:19:36 [notice] 1#0: built by gcc 10.3.0 (Ubuntu 10.3.0-1ubuntu1~18.04~1) 
2023/08/06 08:19:36 [notice] 1#0: OS: Unikraft 5-Enceladus
2023/08/06 08:19:36 [notice] 1#0: getrlimit(RLIMIT_NOFILE): 1024:1024
2023/08/06 08:20:23 [notice] 1#0: using the "select" event method
2023/08/06 08:20:23 [notice] 1#0: nginx/1.15.6
2023/08/06 08:20:23 [notice] 1#0: built by gcc 10.3.0 (Ubuntu 10.3.0-1ubuntu1~18.04~1) 
2023/08/06 08:20:23 [notice] 1#0: OS: Unikraft 5-Enceladus
2023/08/06 08:20:23 [notice] 1#0: getrlimit(RLIMIT_NOFILE): 1024:1024
2023/08/06 08:26:36 [notice] 1#0: using the "select" event method
2023/08/06 08:26:36 [notice] 1#0: nginx/1.15.6
2023/08/06 08:26:36 [notice] 1#0: built by gcc 10.3.0 (Ubuntu 10.3.0-1ubuntu1~18.04~1) 
2023/08/06 08:26:36 [notice] 1#0: OS: Unikraft 5-Enceladus
2023/08/06 08:26:36 [notice] 1#0: getrlimit(RLIMIT_NOFILE): 1024:1024
2023/08/06 08:55:43 [notice] 1#0: using the "select" event method
2023/08/06 08:55:43 [notice] 1#0: nginx/1.15.6
2023/08/06 08:55:43 [notice] 1#0: built by gcc 10.3.0 (Ubuntu 10.3.0-1ubuntu1~18.04~1) 
2023/08/06 08:55:43 [notice] 1#0: OS: Unikraft 5-Enceladus
2023/08/06 08:55:43 [notice] 1#0: getrlimit(RLIMIT_NOFILE): 1024:1024
2023/08/06 19:20:49 [notice] 1#0: using the "select" event method
2023/08/06 19:20:49 [notice] 1#0: nginx/1.15.6
2023/08/06 19:20:49 [notice] 1#0: built by gcc 10.3.0 (Ubuntu 10.3.0-1ubuntu1~18.04~1) 
2023/08/06 19:20:49 [notice] 1#0: OS: Unikraft 5-Enceladus
2023/08/06 19:20:49 [notice] 1#0: getrlimit(RLIMIT_NOFILE): 1024:1024
2023/09/15 04:55:27 [notice] 1#0: using the "select" event method
2023/09/15 04:55:27 [notice] 1#0: nginx/1.15.6
2023/09/15 04:55:27 [notice] 1#0: built by gcc 10.3.0 (Ubuntu 10.3.0-1ubuntu1~18.04~1) 
2023/09/15 04:55:27 [notice] 1#0: OS: Unikraft 5-Enceladus
2023/09/15 04:55:27 [notice] 1#0: getrlimit(RLIMIT_NOFILE): 1024:1024
2023/09/15 04:56:12 [notice] 1#0: using the "select" event method
2023/09/15 04:56:12 [notice] 1#0: nginx/1.15.6
2023/09/15 04:56:12 [notice] 1#0: built by gcc 10.3.0 (Ubuntu 10.3.0-1ubuntu1~18.04~1) 
2023/09/15 04:56:12 [notice] 1#0: OS: Unikraft 5-Enceladus
2023/09/15 04:56:12 [notice] 1#0: getrlimit(RLIMIT_NOFILE): 1024:1024
2023/09/15 04:56:33 [notice] 1#0: using the "select" event method
2023/09/15 04:56:33 [notice] 1#0: nginx/1.15.6
2023/09/15 04:56:33 [notice] 1#0: built by gcc 10.3.0 (Ubuntu 10.3.0-1ubuntu1~18.04~1) 
2023/09/15 04:56:33 [notice] 1#0: OS: Unikraft 5-Enceladus
2023/09/15 04:56:33 [notice] 1#0: getrlimit(RLIMIT_NOFILE): 1024:1024
2023/10/12 04:56:58 [notice] 1#0: using the "select" event method
2023/10/12 04:56:58 [notice] 1#0: nginx/1.15.6
2023/10/12 04:56:58 [notice] 1#0: built by gcc 10.3.0 (Ubuntu 10.3.0-1ubuntu1~18.04~1) 
2023/10/12 04:56:58 [notice] 1#0: OS: Unikraft 5-Enceladus
2023/10/12 04:56:58 [notice] 1#0: getrlimit(RLIMIT_NOFILE): 1024:1024
2023/10/12 05:33:58 [notice] 1#0: using the "select" event method
2023/10/12 05:33:58 [notice] 1#0: nginx/1.15.6
2023/10/12 05:33:58 [notice] 1#0: built by gcc 10.3.0 (Ubuntu 10.3.0-1ubuntu1~18.04~1) 
2023/10/12 05:33:58 [notice] 1#0: OS: Unikraft 5-Enceladus
2023/10/12 05:33:58 [notice] 1#0: getrlimit(RLIMIT_NOFILE): 1024:1024
2023/10/13 23:49:47 [notice] 1#0: using the "select" event method
2023/10/13 23:49:47 [notice] 1#0: nginx/1.15.6
2023/10/13 23:49:47 [notice] 1#0: built by gcc 10.3.0 (Ubuntu 10.3.0-1ubuntu1~18.04~1) 
2023/10/13 23:49:47 [notice] 1#0: OS: Unikraft 5-Enceladus
2023/10/13 23:49:47 [notice] 1#0: getrlimit(RLIMIT_NOFILE): 1024:1024
2023/10/13 23:54:39 [notice] 1#0: using the "select" event method
2023/10/13 23:54:39 [notice] 1#0: nginx/1.15.6
2023/10/13 23:54:39 [notice] 1#0: built by gcc 10.3.0 (Ubuntu 10.3.0-1ubuntu1~18.04~1) 
2023/10/13 23:54:39 [notice] 1#0: OS: Unikraft 5-Enceladus
2023/10/13 23:54:39 [notice] 1#0: getrlimit(RLIMIT_NOFILE): 1024:1024
2023/10/13 23:57:37 [notice] 1#0: using the "select" event method
2023/10/13 23:57:37 [notice] 1#0: nginx/1.15.6
2023/10/13 23:57:37 [notice] 1#0: built by gcc 10.3.0 (Ubuntu 10.3.0-1ubuntu1~18.04~1) 
2023/10/13 23:57:37 [notice] 1#0: OS: Unikraft 5-Enceladus
2023/10/13 23:57:37 [notice] 1#0: getrlimit(RLIMIT_NOFILE): 1024:1024
2023/10/14 00:25:01 [notice] 1#0: using the "select" event method
2023/10/14 00:25:01 [notice] 1#0: nginx/1.15.6
2023/10/14 00:25:01 [notice] 1#0: built by gcc 10.3.0 (Ubuntu 10.3.0-1ubuntu1~18.04~1) 
2023/10/14 00:25:01 [notice] 1#0: OS: Unikraft 5-Enceladus
2023/10/14 00:25:01 [notice] 1#0: getrlimit(RLIMIT_NOFILE): 1024:1024
2023/10/30 21:00:30 [notice] 1#0: using the "select" event method
2023/10/30 21:00:30 [notice] 1#0: nginx/1.15.6
2023/10/30 21:00:30 [notice] 1#0: built by gcc 10.3.0 (Ubuntu 10.3.0-1ubuntu1~18.04~1) 
2023/10/30 21:00:30 [notice] 1#0: OS: Unikraft 5-Enceladus
2023/10/30 21:00:30 [notice] 1#0: getrlimit(RLIMIT_NOFILE): 1024:1024
2023/10/30 21:01:11 [notice] 1#0: using the "select" event method
2023/10/30 21:01:11 [notice] 1#0: nginx/1.15.6
2023/10/30 21:01:11 [notice] 1#0: built by gcc 10.3.0 (Ubuntu 10.3.0-1ubuntu1~18.04~1) 
2023/10/30 21:01:11 [notice] 1#0: OS: Unikraft 5-Enceladus
2023/10/30 21:01:11 [notice] 1#0: getrlimit(RLIMIT_NOFILE): 1024:1024
2023/10/30 21:02:05 [notice] 1#0: using the "select" event method
2023/10/30 21:02:05 [notice] 1#0: nginx/1.15.6
2023/10/30 21:02:05 [notice] 1#0: built by gcc 10.3.0 (Ubuntu 10.3.0-1ubuntu1~18.04~1) 
2023/10/30 21:02:05 [notice] 1#0: OS: Unikraft 5-Enceladus
2023/10/30 21:02:05 [notice] 1#0: getrlimit(RLIMIT_NOFILE): 1024:1024
2023/10/30 21:22:21 [notice] 1#0: using the "select" event method
2023/10/30 21:22:21 [notice] 1#0: nginx/1.15.6
2023/10/30 21:22:21 [notice] 1#0: built by gcc 10.3.0 (Ubuntu 10.3.0-1ubuntu1~18.04~1) 
2023/10/30 21:22:21 [notice] 1#0: OS: Unikraft 5-Enceladus
2023/10/30 21:22:21 [notice] 1#0: getrlimit(RLIMIT_NOFILE): 1024:1024
2023/10/30 21:23:07 [notice] 1#0: using the "select" event method
2023/10/30 21:23:07 [notice] 1#0: nginx/1.15.6
2023/10/30 21:23:07 [notice] 1#0: built by gcc 10.3.0 (Ubuntu 10.3.0-1ubuntu1~18.04~1) 
2023/10/30 21:23:07 [notice] 1#0: OS: Unikraft 5-Enceladus
2023/10/30 21:23:07 [notice] 1#0: getrlimit(RLIMIT_NOFILE): 1024:1024
2023/10/30 21:24:22 [notice] 1#0: using the "select" event method
2023/10/30 21:24:22 [notice] 1#0: nginx/1.15.6
2023/10/30 21:24:22 [notice] 1#0: built by gcc 10.3.0 (Ubuntu 10.3.0-1ubuntu1~18.04~1) 
2023/10/30 21:24:22 [notice] 1#0: OS: Unikraft 5-Enceladus
2023/10/30 21:24:22 [notice] 1#0: getrlimit(RLIMIT_NOFILE): 1024:1024
2023/10/30 21:24:52 [notice] 1#0: using the "select" event method
2023/10/30 21:24:52 [notice] 1#0: nginx/1.15.6
2023/10/30 21:24:52 [notice] 1#0: built by gcc 10.3.0 (Ubuntu 10.3.0-1ubuntu1~18.04~1) 
2023/10/30 21:24:52 [notice] 1#0: OS: Unikraft 5-Enceladus
2023/10/30 21:24:52 [notice] 1#0: getrlimit(RLIMIT_NOFILE): 1024:1024
2023/10/30 21:27:05 [notice] 1#0: using the "select" event method
2023/10/30 21:27:05 [notice] 1#0: nginx/1.15.6
2023/10/30 21:27:05 [notice] 1#0: built by gcc 10.3.0 (Ubuntu 10.3.0-1ubuntu1~18.04~1) 
2023/10/30 21:27:05 [notice] 1#0: OS: Unikraft 5-Enceladus
2023/10/30 21:27:05 [notice] 1#0: getrlimit(RLIMIT_NOFILE): 1024:1024
2023/10/30 21:28:12 [notice] 1#0: using the "select" event method
2023/10/30 21:28:12 [notice] 1#0: nginx/1.15.6
2023/10/30 21:28:12 [notice] 1#0: built by gcc 10.3.0 (Ubuntu 10.3.0-1ubuntu1~18.04~1) 
2023/10/30 21:28:12 [notice] 1#0: OS: Unikraft 5-Enceladus
2023/10/30 21:28:12 [notice] 1#0: getrlimit(RLIMIT_NOFILE): 1024:1024
2023/10/30 21:33:00 [notice] 1#0: using the "select" event method
2023/10/30 21:33:00 [notice] 1#0: nginx/1.15.6
2023/10/30 21:33:00 [notice] 1#0: built by gcc 10.3.0 (Ubuntu 10.3.0-1ubuntu1~18.04~1) 
2023/10/30 21:33:00 [notice] 1#0: OS: Unikraft 5-Enceladus
2023/10/30 21:33:00 [notice] 1#0: getrlimit(RLIMIT_NOFILE): 1024:1024
2023/10/30 21:34:32 [notice] 1#0: using the "select" event method
2023/10/30 21:34:32 [notice] 1#0: nginx/1.15.6
2023/10/30 21:34:32 [notice] 1#0: built by gcc 10.3.0 (Ubuntu 10.3.0-1ubuntu1~18.04~1) 
2023/10/30 21:34:32 [notice] 1#0: OS: Unikraft 5-Enceladus
2023/10/30 21:34:32 [notice] 1#0: getrlimit(RLIMIT_NOFILE): 1024:1024
2023/10/30 21:35:33 [notice] 1#0: using the "select" event method
2023/10/30 21:35:33 [notice] 1#0: nginx/1.15.6
2023/10/30 21:35:33 [notice] 1#0: built by gcc 10.3.0 (Ubuntu 10.3.0-1ubuntu1~18.04~1) 
2023/10/30 21:35:33 [notice] 1#0: OS: Unikraft 5-Enceladus
2023/10/30 21:35:33 [notice] 1#0: getrlimit(RLIMIT_NOFILE): 1024:1024
2023/10/30 21:38:08 [notice] 1#0: using the "select" event method
2023/10/30 21:38:08 [notice] 1#0: nginx/1.15.6
2023/10/30 21:38:08 [notice] 1#0: built by gcc 10.3.0 (Ubuntu 10.3.0-1ubuntu1~18.04~1) 
2023/10/30 21:38:08 [notice] 1#0: OS: Unikraft 5-Enceladus
2023/10/30 21:38:08 [notice] 1#0: getrlimit(RLIMIT_NOFILE): 1024:1024
2023/10/30 21:43:16 [notice] 1#0: using the "select" event method
2023/10/30 21:43:16 [notice] 1#0: nginx/1.15.6
2023/10/30 21:43:16 [notice] 1#0: built by gcc 10.3.0 (Ubuntu 10.3.0-1ubuntu1~18.04~1) 
2023/10/30 21:43:16 [notice] 1#0: OS: Unikraft 5-Enceladus
2023/10/30 21:43:16 [notice] 1#0: getrlimit(RLIMIT_NOFILE): 1024:1024
2023/10/30 21:54:46 [notice] 1#0: using the "select" event method
2023/10/30 21:54:46 [notice] 1#0: nginx/1.15.6
2023/10/30 21:54:46 [notice] 1#0: built by gcc 10.3.0 (Ubuntu 10.3.0-1ubuntu1~18.04~1) 
2023/10/30 21:54:46 [notice] 1#0: OS: Unikraft 5-Enceladus
2023/10/30 21:54:46 [notice] 1#0: getrlimit(RLIMIT_NOFILE): 1024:1024
2023/10/30 21:55:24 [notice] 1#0: using the "select" event method
2023/10/30 21:55:24 [notice] 1#0: nginx/1.15.6
2023/10/30 21:55:24 [notice] 1#0: built by gcc 10.3.0 (Ubuntu 10.3.0-1ubuntu1~18.04~1) 
2023/10/30 21:55:24 [notice] 1#0: OS: Unikraft 5-Enceladus
2023/10/30 21:55:24 [notice] 1#0: getrlimit(RLIMIT_NOFILE): 1024:1024
2023/10/30 21:57:10 [notice] 1#0: using the "select" event method
2023/10/30 21:57:10 [notice] 1#0: nginx/1.15.6
2023/10/30 21:57:10 [notice] 1#0: built by gcc 10.3.0 (Ubuntu 10.3.0-1ubuntu1~18.04~1) 
2023/10/30 21:57:10 [notice] 1#0: OS: Unikraft 5-Enceladus
2023/10/30 21:57:10 [notice] 1#0: getrlimit(RLIMIT_NOFILE): 1024:1024
2023/10/30 22:03:55 [notice] 1#0: using the "select" event method
2023/10/30 22:03:55 [notice] 1#0: nginx/1.15.6
2023/10/30 22:03:55 [notice] 1#0: built by gcc 10.3.0 (Ubuntu 10.3.0-1ubuntu1~18.04~1) 
2023/10/30 22:03:55 [notice] 1#0: OS: Unikraft 5-Enceladus
2023/10/30 22:03:55 [notice] 1#0: getrlimit(RLIMIT_NOFILE): 1024:1024
2023/10/30 22:06:11 [notice] 1#0: using the "select" event method
2023/10/30 22:06:11 [notice] 1#0: nginx/1.15.6
2023/10/30 22:06:11 [notice] 1#0: built by gcc 10.3.0 (Ubuntu 10.3.0-1ubuntu1~18.04~1) 
2023/10/30 22:06:11 [notice] 1#0: OS: Unikraft 5-Enceladus
2023/10/30 22:06:11 [notice] 1#0: getrlimit(RLIMIT_NOFILE): 1024:1024
2023/11/12 13:30:34 [notice] 1#0: using the "select" event method
2023/11/12 13:30:34 [notice] 1#0: nginx/1.15.6
2023/11/12 13:30:34 [notice] 1#0: built by gcc 10.3.0 (Ubuntu 10.3.0-1ubuntu1~18.04~1) 
2023/11/12 13:30:34 [notice] 1#0: OS: Unikraft 5-Enceladus
2023/11/12 13:30:34 [notice] 1#0: getrlimit(RLIMIT_NOFILE): 1024:1024
2023/11/12 13:31:52 [notice] 1#0: using the "select" event method
2023/11/12 13:31:52 [notice] 1#0: nginx/1.15.6
2023/11/12 13:31:52 [notice] 1#0: built by gcc 10.3.0 (Ubuntu 10.3.0-1ubuntu1~18.04~1) 
2023/11/12 13:31:52 [notice] 1#0: OS: Unikraft 5-Enceladus
2023/11/12 13:31:52 [notice] 1#0: getrlimit(RLIMIT_NOFILE): 1024:1024
2023/11/12 13:32:49 [notice] 1#0: using the "select" event method
2023/11/12 13:32:49 [notice] 1#0: nginx/1.15.6
2023/11/12 13:32:49 [notice] 1#0: built by gcc 10.3.0 (Ubuntu 10.3.0-1ubuntu1~18.04~1) 
2023/11/12 13:32:49 [notice] 1#0: OS: Unikraft 5-Enceladus
2023/11/12 13:32:49 [notice] 1#0: getrlimit(RLIMIT_NOFILE): 1024:1024
2023/11/18 06:27:38 [notice] 1#0: using the "select" event method
2023/11/18 06:27:38 [notice] 1#0: nginx/1.15.6
2023/11/18 06:27:38 [notice] 1#0: built by gcc 10.3.0 (Ubuntu 10.3.0-1ubuntu1~18.04~1) 
2023/11/18 06:27:38 [notice] 1#0: OS: Unikraft 5-Enceladus
2023/11/18 06:27:38 [notice] 1#0: getrlimit(RLIMIT_NOFILE): 1024:1024
2023/11/18 06:27:54 [notice] 1#0: using the "select" event method
2023/11/18 06:27:54 [notice] 1#0: nginx/1.15.6
2023/11/18 06:27:54 [notice] 1#0: built by gcc 10.3.0 (Ubuntu 10.3.0-1ubuntu1~18.04~1) 
2023/11/18 06:27:54 [notice] 1#0: OS: Unikraft 5-Enceladus
2023/11/18 06:27:54 [notice] 1#0: getrlimit(RLIMIT_NOFILE): 1024:1024
2023/11/18 06:28:35 [notice] 1#0: using the "select" event method
2023/11/18 06:28:35 [notice] 1#0: nginx/1.15.6
2023/11/18 06:28:35 [notice] 1#0: built by gcc 10.3.0 (Ubuntu 10.3.0-1ubuntu1~18.04~1) 
2023/11/18 06:28:35 [notice] 1#0: OS: Unikraft 5-Enceladus
2023/11/18 06:28:35 [notice] 1#0: getrlimit(RLIMIT_NOFILE): 1024:1024
2023/11/18 06:29:21 [notice] 1#0: using the "select" event method
2023/11/18 06:29:21 [notice] 1#0: nginx/1.15.6
2023/11/18 06:29:21 [notice] 1#0: built by gcc 10.3.0 (Ubuntu 10.3.0-1ubuntu1~18.04~1) 
2023/11/18 06:29:21 [notice] 1#0: OS: Unikraft 5-Enceladus
2023/11/18 06:29:21 [notice] 1#0: getrlimit(RLIMIT_NOFILE): 1024:1024
2023/11/18 06:30:00 [notice] 1#0: using the "select" event method
2023/11/18 06:30:00 [notice] 1#0: nginx/1.15.6
2023/11/18 06:30:00 [notice] 1#0: built by gcc 10.3.0 (Ubuntu 10.3.0-1ubuntu1~18.04~1) 
2023/11/18 06:30:00 [notice] 1#0: OS: Unikraft 5-Enceladus
2023/11/18 06:30:00 [notice] 1#0: getrlimit(RLIMIT_NOFILE): 1024:1024
2023/11/20 11:02:09 [notice] 1#0: using the "select" event method
2023/11/20 11:02:09 [notice] 1#0: nginx/1.15.6
2023/11/20 11:02:09 [notice] 1#0: built by gcc 10.3.0 (Ubuntu 10.3.0-1ubuntu1~18.04~1) 
2023/11/20 11:02:09 [notice] 1#0: OS: Unikraft 5-Enceladus
2023/11/20 11:02:09 [notice] 1#0: getrlimit(RLIMIT_NOFILE): 1024:1024
2023/11/20 11:04:25 [notice] 1#0: using the "select" event method
2023/11/20 11:04:25 [notice] 1#0: nginx/1.15.6
2023/11/20 11:04:25 [notice] 1#0: built by gcc 10.3.0 (Ubuntu 10.3.0-1ubuntu1~18.04~1) 
2023/11/20 11:04:25 [notice] 1#0: OS: Unikraft 5-Enceladus
2023/11/20 11:04:25 [notice] 1#0: getrlimit(RLIMIT_NOFILE): 1024:1024
2023/11/20 11:07:51 [notice] 1#0: using the "select" event method
2023/11/20 11:07:51 [notice] 1#0: nginx/1.15.6
2023/11/20 11:07:51 [notice] 1#0: built by gcc 10.3.0 (Ubuntu 10.3.0-1ubuntu1~18.04~1) 
2023/11/20 11:07:51 [notice] 1#0: OS: Unikraft 5-Enceladus
2023/11/20 11:07:51 [notice] 1#0: getrlimit(RLIMIT_NOFILE): 1024:1024
2023/11/20 11:14:36 [notice] 1#0: using the "select" event method
2023/11/20 11:14:36 [notice] 1#0: nginx/1.15.6
2023/11/20 11:14:36 [notice] 1#0: built by gcc 10.3.0 (Ubuntu 10.3.0-1ubuntu1~18.04~1) 
2023/11/20 11:14:36 [notice] 1#0: OS: Unikraft 5-Enceladus
2023/11/20 11:14:36 [notice] 1#0: getrlimit(RLIMIT_NOFILE): 1024:1024
2023/11/20 11:18:07 [notice] 1#0: using the "select" event method
2023/11/20 11:18:07 [notice] 1#0: nginx/1.15.6
2023/11/20 11:18:07 [notice] 1#0: built by gcc 10.3.0 (Ubuntu 10.3.0-1ubuntu1~18.04~1) 
2023/11/20 11:18:07 [notice] 1#0: OS: Unikraft 5-Enceladus
2023/11/20 11:18:07 [notice] 1#0: getrlimit(RLIMIT_NOFILE): 1024:1024
2023/11/20 11:20:24 [info] 1#0: *8125 client closed connection while waiting for request, client: 172.44.0.1, server: 0.0.0.0:80
2023/11/20 11:20:35 [notice] 1#0: using the "select" event method
2023/11/20 11:20:35 [notice] 1#0: nginx/1.15.6
2023/11/20 11:20:35 [notice] 1#0: built by gcc 10.3.0 (Ubuntu 10.3.0-1ubuntu1~18.04~1) 
2023/11/20 11:20:35 [notice] 1#0: OS: Unikraft 5-Enceladus
2023/11/20 11:20:35 [notice] 1#0: getrlimit(RLIMIT_NOFILE): 1024:1024
2023/11/20 11:22:34 [notice] 1#0: using the "select" event method
2023/11/20 11:22:34 [notice] 1#0: nginx/1.15.6
2023/11/20 11:22:34 [notice] 1#0: built by gcc 10.3.0 (Ubuntu 10.3.0-1ubuntu1~18.04~1) 
2023/11/20 11:22:34 [notice] 1#0: OS: Unikraft 5-Enceladus
2023/11/20 11:22:34 [notice] 1#0: getrlimit(RLIMIT_NOFILE): 1024:1024
2023/11/20 11:30:02 [notice] 1#0: using the "select" event method
2023/11/20 11:30:02 [notice] 1#0: nginx/1.15.6
2023/11/20 11:30:02 [notice] 1#0: built by gcc 10.3.0 (Ubuntu 10.3.0-1ubuntu1~18.04~1) 
2023/11/20 11:30:02 [notice] 1#0: OS: Unikraft 5-Enceladus
2023/11/20 11:30:02 [notice] 1#0: getrlimit(RLIMIT_NOFILE): 1024:1024
2023/11/20 11:32:19 [notice] 1#0: using the "select" event method
2023/11/20 11:32:19 [notice] 1#0: nginx/1.15.6
2023/11/20 11:32:19 [notice] 1#0: built by gcc 10.3.0 (Ubuntu 10.3.0-1ubuntu1~18.04~1) 
2023/11/20 11:32:19 [notice] 1#0: OS: Unikraft 5-Enceladus
2023/11/20 11:32:19 [notice] 1#0: getrlimit(RLIMIT_NOFILE): 1024:1024
2023/11/20 11:34:23 [notice] 1#0: using the "select" event method
2023/11/20 11:34:23 [notice] 1#0: nginx/1.15.6
2023/11/20 11:34:23 [notice] 1#0: built by gcc 10.3.0 (Ubuntu 10.3.0-1ubuntu1~18.04~1) 
2023/11/20 11:34:23 [notice] 1#0: OS: Unikraft 5-Enceladus
2023/11/20 11:34:23 [notice] 1#0: getrlimit(RLIMIT_NOFILE): 1024:1024
2023/11/20 11:38:37 [notice] 1#0: using the "select" event method
2023/11/20 11:38:37 [notice] 1#0: nginx/1.15.6
2023/11/20 11:38:37 [notice] 1#0: built by gcc 10.3.0 (Ubuntu 10.3.0-1ubuntu1~18.04~1) 
2023/11/20 11:38:37 [notice] 1#0: OS: Unikraft 5-Enceladus
2023/11/20 11:38:37 [notice] 1#0: getrlimit(RLIMIT_NOFILE): 1024:1024
2023/11/20 11:43:43 [notice] 1#0: using the "select" event method
2023/11/20 11:43:43 [notice] 1#0: nginx/1.15.6
2023/11/20 11:43:43 [notice] 1#0: built by gcc 10.3.0 (Ubuntu 10.3.0-1ubuntu1~18.04~1) 
2023/11/20 11:43:43 [notice] 1#0: OS: Unikraft 5-Enceladus
2023/11/20 11:43:43 [notice] 1#0: getrlimit(RLIMIT_NOFILE): 1024:1024
2023/11/20 11:46:33 [notice] 1#0: using the "select" event method
2023/11/20 11:46:33 [notice] 1#0: nginx/1.15.6
2023/11/20 11:46:33 [notice] 1#0: built by gcc 10.3.0 (Ubuntu 10.3.0-1ubuntu1~18.04~1) 
2023/11/20 11:46:33 [notice] 1#0: OS: Unikraft 5-Enceladus
2023/11/20 11:46:33 [notice] 1#0: getrlimit(RLIMIT_NOFILE): 1024:1024
2023/11/20 11:47:13 [notice] 1#0: using the "select" event method
2023/11/20 11:47:13 [notice] 1#0: nginx/1.15.6
2023/11/20 11:47:13 [notice] 1#0: built by gcc 10.3.0 (Ubuntu 10.3.0-1ubuntu1~18.04~1) 
2023/11/20 11:47:13 [notice] 1#0: OS: Unikraft 5-Enceladus
2023/11/20 11:47:13 [notice] 1#0: getrlimit(RLIMIT_NOFILE): 1024:1024
2023/11/22 20:43:10 [notice] 1#0: using the "select" event method
2023/11/22 20:43:10 [notice] 1#0: nginx/1.15.6
2023/11/22 20:43:10 [notice] 1#0: built by gcc 10.3.0 (Ubuntu 10.3.0-1ubuntu1~18.04~1) 
2023/11/22 20:43:10 [notice] 1#0: OS: Unikraft 5-Enceladus
2023/11/22 20:43:10 [notice] 1#0: getrlimit(RLIMIT_NOFILE): 1024:1024
2023/11/25 16:07:06 [notice] 1#0: using the "select" event method
2023/11/25 16:07:06 [notice] 1#0: nginx/1.15.6
2023/11/25 16:07:06 [notice] 1#0: built by gcc 10.3.0 (Ubuntu 10.3.0-1ubuntu1~18.04~1) 
2023/11/25 16:07:06 [notice] 1#0: OS: Unikraft 5-Enceladus
2023/11/25 16:07:06 [notice] 1#0: getrlimit(RLIMIT_NOFILE): 1024:1024
2023/12/03 06:37:31 [notice] 1#0: using the "select" event method
2023/12/03 06:37:31 [notice] 1#0: nginx/1.15.6
2023/12/03 06:37:31 [notice] 1#0: built by gcc 10.3.0 (Ubuntu 10.3.0-1ubuntu1~18.04~1) 
2023/12/03 06:37:31 [notice] 1#0: OS: Unikraft 5-Enceladus
2023/12/03 06:37:31 [notice] 1#0: getrlimit(RLIMIT_NOFILE): 1024:1024
2023/12/03 06:38:32 [notice] 1#0: using the "select" event method
2023/12/03 06:38:32 [notice] 1#0: nginx/1.15.6
2023/12/03 06:38:32 [notice] 1#0: built by gcc 10.3.0 (Ubuntu 10.3.0-1ubuntu1~18.04~1) 
2023/12/03 06:38:32 [notice] 1#0: OS: Unikraft 5-Enceladus
2023/12/03 06:38:32 [notice] 1#0: getrlimit(RLIMIT_NOFILE): 1024:1024
2023/12/03 06:38:45 [info] 1#0: *1 client 172.44.0.1 closed keepalive connection (128: Unknown error)
2023/12/11 06:57:16 [notice] 1#0: using the "select" event method
2023/12/11 06:57:16 [notice] 1#0: nginx/1.15.6
2023/12/11 06:57:16 [notice] 1#0: built by gcc 10.3.0 (Ubuntu 10.3.0-1ubuntu1~18.04~1) 
2023/12/11 06:57:16 [notice] 1#0: OS: Unikraft 5-Enceladus
2023/12/11 06:57:16 [notice] 1#0: getrlimit(RLIMIT_NOFILE): 1024:1024
2023/12/11 06:57:52 [notice] 1#0: using the "select" event method
2023/12/11 06:57:52 [notice] 1#0: nginx/1.15.6
2023/12/11 06:57:52 [notice] 1#0: built by gcc 10.3.0 (Ubuntu 10.3.0-1ubuntu1~18.04~1) 
2023/12/11 06:57:52 [notice] 1#0: OS: Unikraft 5-Enceladus
2023/12/11 06:57:52 [notice] 1#0: getrlimit(RLIMIT_NOFILE): 1024:1024
2023/12/11 06:58:05 [info] 1#0: *403 client closed connection while waiting for request, client: 172.44.0.1, server: 0.0.0.0:80
2023/12/11 06:58:28 [notice] 1#0: using the "select" event method
2023/12/11 06:58:28 [notice] 1#0: nginx/1.15.6
2023/12/11 06:58:28 [notice] 1#0: built by gcc 10.3.0 (Ubuntu 10.3.0-1ubuntu1~18.04~1) 
2023/12/11 06:58:28 [notice] 1#0: OS: Unikraft 5-Enceladus
2023/12/11 06:58:28 [notice] 1#0: getrlimit(RLIMIT_NOFILE): 1024:1024
2023/12/11 06:58:59 [notice] 1#0: using the "select" event method
2023/12/11 06:58:59 [notice] 1#0: nginx/1.15.6
2023/12/11 06:58:59 [notice] 1#0: built by gcc 10.3.0 (Ubuntu 10.3.0-1ubuntu1~18.04~1) 
2023/12/11 06:58:59 [notice] 1#0: OS: Unikraft 5-Enceladus
2023/12/11 06:58:59 [notice] 1#0: getrlimit(RLIMIT_NOFILE): 1024:1024
2023/12/11 06:59:32 [notice] 1#0: using the "select" event method
2023/12/11 06:59:32 [notice] 1#0: nginx/1.15.6
2023/12/11 06:59:32 [notice] 1#0: built by gcc 10.3.0 (Ubuntu 10.3.0-1ubuntu1~18.04~1) 
2023/12/11 06:59:32 [notice] 1#0: OS: Unikraft 5-Enceladus
2023/12/11 06:59:32 [notice] 1#0: getrlimit(RLIMIT_NOFILE): 1024:1024
2023/12/11 07:01:06 [notice] 1#0: using the "select" event method
2023/12/11 07:01:06 [notice] 1#0: nginx/1.15.6
2023/12/11 07:01:06 [notice] 1#0: built by gcc 10.3.0 (Ubuntu 10.3.0-1ubuntu1~18.04~1) 
2023/12/11 07:01:06 [notice] 1#0: OS: Unikraft 5-Enceladus
2023/12/11 07:01:06 [notice] 1#0: getrlimit(RLIMIT_NOFILE): 1024:1024
2023/12/11 07:01:29 [notice] 1#0: using the "select" event method
2023/12/11 07:01:29 [notice] 1#0: nginx/1.15.6
2023/12/11 07:01:29 [notice] 1#0: built by gcc 10.3.0 (Ubuntu 10.3.0-1ubuntu1~18.04~1) 
2023/12/11 07:01:29 [notice] 1#0: OS: Unikraft 5-Enceladus
2023/12/11 07:01:29 [notice] 1#0: getrlimit(RLIMIT_NOFILE): 1024:1024
2023/12/11 07:02:45 [notice] 1#0: using the "select" event method
2023/12/11 07:02:45 [notice] 1#0: nginx/1.15.6
2023/12/11 07:02:45 [notice] 1#0: built by gcc 10.3.0 (Ubuntu 10.3.0-1ubuntu1~18.04~1) 
2023/12/11 07:02:45 [notice] 1#0: OS: Unikraft 5-Enceladus
2023/12/11 07:02:45 [notice] 1#0: getrlimit(RLIMIT_NOFILE): 1024:1024
2023/12/11 07:02:58 [notice] 1#0: using the "select" event method
2023/12/11 07:02:58 [notice] 1#0: nginx/1.15.6
2023/12/11 07:02:58 [notice] 1#0: built by gcc 10.3.0 (Ubuntu 10.3.0-1ubuntu1~18.04~1) 
2023/12/11 07:02:58 [notice] 1#0: OS: Unikraft 5-Enceladus
2023/12/11 07:02:58 [notice] 1#0: getrlimit(RLIMIT_NOFILE): 1024:1024
2023/12/11 07:03:08 [notice] 1#0: using the "select" event method
2023/12/11 07:03:08 [notice] 1#0: nginx/1.15.6
2023/12/11 07:03:08 [notice] 1#0: built by gcc 10.3.0 (Ubuntu 10.3.0-1ubuntu1~18.04~1) 
2023/12/11 07:03:08 [notice] 1#0: OS: Unikraft 5-Enceladus
2023/12/11 07:03:08 [notice] 1#0: getrlimit(RLIMIT_NOFILE): 1024:1024
2023/12/11 07:03:45 [notice] 1#0: using the "select" event method
2023/12/11 07:03:45 [notice] 1#0: nginx/1.15.6
2023/12/11 07:03:45 [notice] 1#0: built by gcc 10.3.0 (Ubuntu 10.3.0-1ubuntu1~18.04~1) 
2023/12/11 07:03:45 [notice] 1#0: OS: Unikraft 5-Enceladus
2023/12/11 07:03:45 [notice] 1#0: getrlimit(RLIMIT_NOFILE): 1024:1024
2023/12/11 07:03:57 [notice] 1#0: using the "select" event method
2023/12/11 07:03:57 [notice] 1#0: nginx/1.15.6
2023/12/11 07:03:57 [notice] 1#0: built by gcc 10.3.0 (Ubuntu 10.3.0-1ubuntu1~18.04~1) 
2023/12/11 07:03:57 [notice] 1#0: OS: Unikraft 5-Enceladus
2023/12/11 07:03:57 [notice] 1#0: getrlimit(RLIMIT_NOFILE): 1024:1024
2023/12/11 07:04:07 [notice] 1#0: using the "select" event method
2023/12/11 07:04:07 [notice] 1#0: nginx/1.15.6
2023/12/11 07:04:07 [notice] 1#0: built by gcc 10.3.0 (Ubuntu 10.3.0-1ubuntu1~18.04~1) 
2023/12/11 07:04:07 [notice] 1#0: OS: Unikraft 5-Enceladus
2023/12/11 07:04:07 [notice] 1#0: getrlimit(RLIMIT_NOFILE): 1024:1024
2023/12/11 15:10:59 [notice] 1#0: using the "select" event method
2023/12/11 15:10:59 [notice] 1#0: nginx/1.15.6
2023/12/11 15:10:59 [notice] 1#0: built by gcc 10.3.0 (Ubuntu 10.3.0-1ubuntu1~18.04~1) 
2023/12/11 15:10:59 [notice] 1#0: OS: Unikraft 5-Enceladus
2023/12/11 15:10:59 [notice] 1#0: getrlimit(RLIMIT_NOFILE): 1024:1024
2023/12/11 15:14:05 [notice] 1#0: using the "select" event method
2023/12/11 15:14:05 [notice] 1#0: nginx/1.15.6
2023/12/11 15:14:05 [notice] 1#0: built by gcc 10.3.0 (Ubuntu 10.3.0-1ubuntu1~18.04~1) 
2023/12/11 15:14:05 [notice] 1#0: OS: Unikraft 5-Enceladus
2023/12/11 15:14:05 [notice] 1#0: getrlimit(RLIMIT_NOFILE): 1024:1024
2023/12/11 15:15:08 [notice] 1#0: using the "select" event method
2023/12/11 15:15:08 [notice] 1#0: nginx/1.15.6
2023/12/11 15:15:08 [notice] 1#0: built by gcc 10.3.0 (Ubuntu 10.3.0-1ubuntu1~18.04~1) 
2023/12/11 15:15:08 [notice] 1#0: OS: Unikraft 5-Enceladus
2023/12/11 15:15:08 [notice] 1#0: getrlimit(RLIMIT_NOFILE): 1024:1024
2023/12/11 15:18:57 [notice] 1#0: using the "select" event method
2023/12/11 15:18:57 [notice] 1#0: nginx/1.15.6
2023/12/11 15:18:57 [notice] 1#0: built by gcc 10.3.0 (Ubuntu 10.3.0-1ubuntu1~18.04~1) 
2023/12/11 15:18:57 [notice] 1#0: OS: Unikraft 5-Enceladus
2023/12/11 15:18:57 [notice] 1#0: getrlimit(RLIMIT_NOFILE): 1024:1024
2023/12/11 15:20:01 [notice] 1#0: using the "select" event method
2023/12/11 15:20:01 [notice] 1#0: nginx/1.15.6
2023/12/11 15:20:01 [notice] 1#0: built by gcc 10.3.0 (Ubuntu 10.3.0-1ubuntu1~18.04~1) 
2023/12/11 15:20:01 [notice] 1#0: OS: Unikraft 5-Enceladus
2023/12/11 15:20:01 [notice] 1#0: getrlimit(RLIMIT_NOFILE): 1024:1024
2024/01/28 16:23:02 [notice] 1#0: using the "select" event method
2024/01/28 16:23:02 [notice] 1#0: nginx/1.15.6
2024/01/28 16:23:02 [notice] 1#0: built by gcc 10.3.0 (Ubuntu 10.3.0-1ubuntu1~18.04~1) 
2024/01/28 16:23:02 [notice] 1#0: OS: Unikraft 5-Enceladus
2024/01/28 16:23:02 [notice] 1#0: getrlimit(RLIMIT_NOFILE): 1024:1024
2024/01/28 16:24:20 [notice] 1#0: using the "select" event method
2024/01/28 16:24:20 [notice] 1#0: nginx/1.15.6
2024/01/28 16:24:20 [notice] 1#0: built by gcc 10.3.0 (Ubuntu 10.3.0-1ubuntu1~18.04~1) 
2024/01/28 16:24:20 [notice] 1#0: OS: Unikraft 5-Enceladus
2024/01/28 16:24:20 [notice] 1#0: getrlimit(RLIMIT_NOFILE): 1024:1024
2024/01/28 16:25:16 [notice] 1#0: using the "select" event method
2024/01/28 16:25:16 [notice] 1#0: nginx/1.15.6
2024/01/28 16:25:16 [notice] 1#0: built by gcc 10.3.0 (Ubuntu 10.3.0-1ubuntu1~18.04~1) 
2024/01/28 16:25:16 [notice] 1#0: OS: Unikraft 5-Enceladus
2024/01/28 16:25:16 [notice] 1#0: getrlimit(RLIMIT_NOFILE): 1024:1024
2024/01/28 17:05:49 [notice] 1#0: using the "select" event method
2024/01/28 17:05:49 [notice] 1#0: nginx/1.15.6
2024/01/28 17:05:49 [notice] 1#0: built by gcc 10.3.0 (Ubuntu 10.3.0-1ubuntu1~18.04~1) 
2024/01/28 17:05:49 [notice] 1#0: OS: Unikraft 5-Enceladus
2024/01/28 17:05:49 [notice] 1#0: getrlimit(RLIMIT_NOFILE): 1024:1024
2024/01/28 17:06:04 [notice] 1#0: using the "select" event method
2024/01/28 17:06:04 [notice] 1#0: nginx/1.15.6
2024/01/28 17:06:04 [notice] 1#0: built by gcc 10.3.0 (Ubuntu 10.3.0-1ubuntu1~18.04~1) 
2024/01/28 17:06:04 [notice] 1#0: OS: Unikraft 5-Enceladus
2024/01/28 17:06:04 [notice] 1#0: getrlimit(RLIMIT_NOFILE): 1024:1024
2024/01/28 17:06:21 [notice] 1#0: using the "select" event method
2024/01/28 17:06:21 [notice] 1#0: nginx/1.15.6
2024/01/28 17:06:21 [notice] 1#0: built by gcc 10.3.0 (Ubuntu 10.3.0-1ubuntu1~18.04~1) 
2024/01/28 17:06:21 [notice] 1#0: OS: Unikraft 5-Enceladus
2024/01/28 17:06:21 [notice] 1#0: getrlimit(RLIMIT_NOFILE): 1024:1024
2024/01/28 17:06:37 [notice] 1#0: using the "select" event method
2024/01/28 17:06:37 [notice] 1#0: nginx/1.15.6
2024/01/28 17:06:37 [notice] 1#0: built by gcc 10.3.0 (Ubuntu 10.3.0-1ubuntu1~18.04~1) 
2024/01/28 17:06:37 [notice] 1#0: OS: Unikraft 5-Enceladus
2024/01/28 17:06:37 [notice] 1#0: getrlimit(RLIMIT_NOFILE): 1024:1024
2024/01/28 17:06:54 [notice] 1#0: using the "select" event method
2024/01/28 17:06:54 [notice] 1#0: nginx/1.15.6
2024/01/28 17:06:54 [notice] 1#0: built by gcc 10.3.0 (Ubuntu 10.3.0-1ubuntu1~18.04~1) 
2024/01/28 17:06:54 [notice] 1#0: OS: Unikraft 5-Enceladus
2024/01/28 17:06:54 [notice] 1#0: getrlimit(RLIMIT_NOFILE): 1024:1024
2024/01/28 17:07:10 [notice] 1#0: using the "select" event method
2024/01/28 17:07:10 [notice] 1#0: nginx/1.15.6
2024/01/28 17:07:10 [notice] 1#0: built by gcc 10.3.0 (Ubuntu 10.3.0-1ubuntu1~18.04~1) 
2024/01/28 17:07:10 [notice] 1#0: OS: Unikraft 5-Enceladus
2024/01/28 17:07:10 [notice] 1#0: getrlimit(RLIMIT_NOFILE): 1024:1024
2024/01/28 17:09:10 [notice] 1#0: using the "select" event method
2024/01/28 17:09:10 [notice] 1#0: nginx/1.15.6
2024/01/28 17:09:10 [notice] 1#0: built by gcc 10.3.0 (Ubuntu 10.3.0-1ubuntu1~18.04~1) 
2024/01/28 17:09:10 [notice] 1#0: OS: Unikraft 5-Enceladus
2024/01/28 17:09:10 [notice] 1#0: getrlimit(RLIMIT_NOFILE): 1024:1024
2024/01/28 17:09:42 [notice] 1#0: using the "select" event method
2024/01/28 17:09:42 [notice] 1#0: nginx/1.15.6
2024/01/28 17:09:42 [notice] 1#0: built by gcc 10.3.0 (Ubuntu 10.3.0-1ubuntu1~18.04~1) 
2024/01/28 17:09:42 [notice] 1#0: OS: Unikraft 5-Enceladus
2024/01/28 17:09:42 [notice] 1#0: getrlimit(RLIMIT_NOFILE): 1024:1024
2024/01/28 17:11:12 [notice] 1#0: using the "select" event method
2024/01/28 17:11:12 [notice] 1#0: nginx/1.15.6
2024/01/28 17:11:12 [notice] 1#0: built by gcc 10.3.0 (Ubuntu 10.3.0-1ubuntu1~18.04~1) 
2024/01/28 17:11:12 [notice] 1#0: OS: Unikraft 5-Enceladus
2024/01/28 17:11:12 [notice] 1#0: getrlimit(RLIMIT_NOFILE): 1024:1024
2024/01/28 17:11:39 [notice] 1#0: using the "select" event method
2024/01/28 17:11:39 [notice] 1#0: nginx/1.15.6
2024/01/28 17:11:39 [notice] 1#0: built by gcc 10.3.0 (Ubuntu 10.3.0-1ubuntu1~18.04~1) 
2024/01/28 17:11:39 [notice] 1#0: OS: Unikraft 5-Enceladus
2024/01/28 17:11:39 [notice] 1#0: getrlimit(RLIMIT_NOFILE): 1024:1024
2024/01/28 17:11:55 [notice] 1#0: using the "select" event method
2024/01/28 17:11:55 [notice] 1#0: nginx/1.15.6
2024/01/28 17:11:55 [notice] 1#0: built by gcc 10.3.0 (Ubuntu 10.3.0-1ubuntu1~18.04~1) 
2024/01/28 17:11:55 [notice] 1#0: OS: Unikraft 5-Enceladus
2024/01/28 17:11:55 [notice] 1#0: getrlimit(RLIMIT_NOFILE): 1024:1024
2024/01/28 17:12:10 [notice] 1#0: using the "select" event method
2024/01/28 17:12:10 [notice] 1#0: nginx/1.15.6
2024/01/28 17:12:10 [notice] 1#0: built by gcc 10.3.0 (Ubuntu 10.3.0-1ubuntu1~18.04~1) 
2024/01/28 17:12:10 [notice] 1#0: OS: Unikraft 5-Enceladus
2024/01/28 17:12:10 [notice] 1#0: getrlimit(RLIMIT_NOFILE): 1024:1024
2024/01/28 17:12:19 [notice] 1#0: using the "select" event method
2024/01/28 17:12:19 [notice] 1#0: nginx/1.15.6
2024/01/28 17:12:19 [notice] 1#0: built by gcc 10.3.0 (Ubuntu 10.3.0-1ubuntu1~18.04~1) 
2024/01/28 17:12:19 [notice] 1#0: OS: Unikraft 5-Enceladus
2024/01/28 17:12:19 [notice] 1#0: getrlimit(RLIMIT_NOFILE): 1024:1024
2024/01/28 17:12:35 [notice] 1#0: using the "select" event method
2024/01/28 17:12:35 [notice] 1#0: nginx/1.15.6
2024/01/28 17:12:35 [notice] 1#0: built by gcc 10.3.0 (Ubuntu 10.3.0-1ubuntu1~18.04~1) 
2024/01/28 17:12:35 [notice] 1#0: OS: Unikraft 5-Enceladus
2024/01/28 17:12:35 [notice] 1#0: getrlimit(RLIMIT_NOFILE): 1024:1024
2024/01/28 17:12:52 [notice] 1#0: using the "select" event method
2024/01/28 17:12:52 [notice] 1#0: nginx/1.15.6
2024/01/28 17:12:52 [notice] 1#0: built by gcc 10.3.0 (Ubuntu 10.3.0-1ubuntu1~18.04~1) 
2024/01/28 17:12:52 [notice] 1#0: OS: Unikraft 5-Enceladus
2024/01/28 17:12:52 [notice] 1#0: getrlimit(RLIMIT_NOFILE): 1024:1024
2024/01/28 17:13:09 [notice] 1#0: using the "select" event method
2024/01/28 17:13:09 [notice] 1#0: nginx/1.15.6
2024/01/28 17:13:09 [notice] 1#0: built by gcc 10.3.0 (Ubuntu 10.3.0-1ubuntu1~18.04~1) 
2024/01/28 17:13:09 [notice] 1#0: OS: Unikraft 5-Enceladus
2024/01/28 17:13:09 [notice] 1#0: getrlimit(RLIMIT_NOFILE): 1024:1024
2024/01/28 17:13:25 [notice] 1#0: using the "select" event method
2024/01/28 17:13:25 [notice] 1#0: nginx/1.15.6
2024/01/28 17:13:25 [notice] 1#0: built by gcc 10.3.0 (Ubuntu 10.3.0-1ubuntu1~18.04~1) 
2024/01/28 17:13:25 [notice] 1#0: OS: Unikraft 5-Enceladus
2024/01/28 17:13:25 [notice] 1#0: getrlimit(RLIMIT_NOFILE): 1024:1024
2024/01/28 17:13:42 [notice] 1#0: using the "select" event method
2024/01/28 17:13:42 [notice] 1#0: nginx/1.15.6
2024/01/28 17:13:42 [notice] 1#0: built by gcc 10.3.0 (Ubuntu 10.3.0-1ubuntu1~18.04~1) 
2024/01/28 17:13:42 [notice] 1#0: OS: Unikraft 5-Enceladus
2024/01/28 17:13:42 [notice] 1#0: getrlimit(RLIMIT_NOFILE): 1024:1024
